\BOOKMARK [1][-]{section.1}{\376\377\000F\000o\000u\000n\000d\000a\000t\000i\000o\000n\000s\000\040\000o\000f\000\040\000P\000r\000o\000b\000a\000b\000i\000l\000i\000t\000y\000\040\000T\000h\000e\000o\000r\000y}{}% 1
\BOOKMARK [2][-]{subsection.1.1}{\376\377\000M\000o\000t\000i\000v\000a\000t\000i\000o\000n\000:\000\040\000S\000t\000o\000c\000h\000a\000s\000t\000i\000c\000\040\000N\000a\000t\000u\000r\000e\000\040\000o\000f\000\040\000E\000x\000p\000e\000r\000i\000m\000e\000n\000t\000a\000l\000\040\000D\000a\000t\000a}{section.1}% 2
\BOOKMARK [2][-]{subsection.1.2}{\376\377\000P\000r\000o\000b\000a\000b\000i\000l\000i\000s\000t\000i\000c\000\040\000I\000n\000t\000e\000r\000p\000r\000e\000t\000a\000t\000i\000o\000n\000\040\000o\000f\000\040\000E\000x\000p\000e\000r\000i\000m\000e\000n\000t\000a\000l\000\040\000R\000e\000s\000u\000l\000t\000s}{section.1}% 3
\BOOKMARK [2][-]{subsection.1.3}{\376\377\000S\000a\000m\000p\000l\000e\000\040\000S\000p\000a\000c\000e\000s\000\040\000a\000n\000d\000\040\000S\000t\000o\000c\000h\000a\000s\000t\000i\000c\000\040\000V\000a\000r\000i\000a\000b\000l\000e\000s}{section.1}% 4
\BOOKMARK [2][-]{subsection.1.4}{\376\377\000E\000v\000e\000n\000t\000s\000\040\000a\000n\000d\000\040\000S\000e\000t\000\040\000O\000p\000e\000r\000a\000t\000i\000o\000n\000s}{section.1}% 5
\BOOKMARK [2][-]{subsection.1.5}{\376\377\000K\000o\000l\000m\000o\000g\000o\000r\000o\000v\000'\000s\000\040\000A\000x\000i\000o\000m\000s\000\040\000o\000f\000\040\000P\000r\000o\000b\000a\000b\000i\000l\000i\000t\000y}{section.1}% 6
\BOOKMARK [2][-]{subsection.1.6}{\376\377\000C\000o\000n\000s\000e\000q\000u\000e\000n\000c\000e\000s\000\040\000o\000f\000\040\000t\000h\000e\000\040\000P\000r\000o\000b\000a\000b\000i\000l\000i\000t\000y\000\040\000A\000x\000i\000o\000m\000s}{section.1}% 7
\BOOKMARK [2][-]{subsection.1.7}{\376\377\000U\000n\000i\000f\000o\000r\000m\000\040\000P\000r\000o\000b\000a\000b\000i\000l\000i\000t\000y\000\040\000o\000n\000\040\000F\000i\000n\000i\000t\000e\000\040\000S\000a\000m\000p\000l\000e\000\040\000S\000p\000a\000c\000e\000s}{section.1}% 8
\BOOKMARK [2][-]{subsection.1.8}{\376\377\000E\000x\000a\000m\000p\000l\000e\000:\000\040\000P\000r\000o\000b\000a\000b\000i\000l\000i\000t\000y\000\040\000o\000f\000\040\000a\000\040\000S\000t\000r\000a\000i\000g\000h\000t\000\040\000i\000n\000\040\000P\000o\000k\000e\000r}{section.1}% 9
\BOOKMARK [2][-]{subsection.1.9}{\376\377\000C\000o\000n\000d\000i\000t\000i\000o\000n\000a\000l\000\040\000P\000r\000o\000b\000a\000b\000i\000l\000i\000t\000y}{section.1}% 10
\BOOKMARK [1][-]{section.2}{\376\377\000B\000a\000y\000e\000s\000i\000a\000n\000\040\000I\000n\000f\000e\000r\000e\000n\000c\000e\000\040\000a\000n\000d\000\040\000R\000a\000n\000d\000o\000m\000\040\000V\000a\000r\000i\000a\000b\000l\000e\000s}{}% 11
\BOOKMARK [2][-]{subsection.2.1}{\376\377\000B\000a\000y\000e\000s\000'\000\040\000F\000o\000r\000m\000u\000l\000a}{section.2}% 12
\BOOKMARK [2][-]{subsection.2.2}{\376\377\000L\000a\000w\000\040\000o\000f\000\040\000T\000o\000t\000a\000l\000\040\000P\000r\000o\000b\000a\000b\000i\000l\000i\000t\000y}{section.2}% 13
\BOOKMARK [2][-]{subsection.2.3}{\376\377\000I\000n\000d\000e\000p\000e\000n\000d\000e\000n\000t\000\040\000E\000v\000e\000n\000t\000s}{section.2}% 14
\BOOKMARK [3][-]{subsubsection.2.3.1}{\376\377\000E\000x\000a\000m\000p\000l\000e\000:\000\040\000R\000o\000l\000l\000i\000n\000g\000\040\000T\000w\000o\000\040\000D\000i\000c\000e}{subsection.2.3}% 15
\BOOKMARK [2][-]{subsection.2.4}{\376\377\000R\000a\000n\000d\000o\000m\000\040\000V\000a\000r\000i\000a\000b\000l\000e\000s\000\040\000a\000n\000d\000\040\000P\000r\000o\000b\000a\000b\000i\000l\000i\000t\000y\000\040\000D\000i\000s\000t\000r\000i\000b\000u\000t\000i\000o\000n\000s}{section.2}% 16
\BOOKMARK [2][-]{subsection.2.5}{\376\377\000D\000e\000s\000c\000r\000i\000b\000i\000n\000g\000\040\000a\000\040\000D\000i\000s\000t\000r\000i\000b\000u\000t\000i\000o\000n}{section.2}% 17
\BOOKMARK [2][-]{subsection.2.6}{\376\377\000C\000u\000m\000u\000l\000a\000t\000i\000v\000e\000\040\000D\000i\000s\000t\000r\000i\000b\000u\000t\000i\000o\000n\000\040\000F\000u\000n\000c\000t\000i\000o\000n\000\040\000\050\000C\000D\000F\000\051}{section.2}% 18
\BOOKMARK [2][-]{subsection.2.7}{\376\377\000E\000x\000p\000e\000c\000t\000a\000t\000i\000o\000n\000\040\000V\000a\000l\000u\000e\000s}{section.2}% 19
\BOOKMARK [2][-]{subsection.2.8}{\376\377\000C\000h\000a\000r\000a\000c\000t\000e\000r\000i\000s\000t\000i\000c\000\040\000F\000u\000n\000c\000t\000i\000o\000n}{section.2}% 20
\BOOKMARK [2][-]{subsection.2.9}{\376\377\000C\000e\000n\000t\000r\000a\000l\000\040\000M\000o\000m\000e\000n\000t\000s}{section.2}% 21
\BOOKMARK [1][-]{section.3}{\376\377\000B\000a\000y\000e\000s\000i\000a\000n\000\040\000R\000e\000a\000s\000o\000n\000i\000n\000g\000\040\000a\000n\000d\000\040\000P\000r\000o\000b\000a\000b\000i\000l\000i\000t\000y\000\040\000D\000i\000s\000t\000r\000i\000b\000u\000t\000i\000o\000n\000s}{}% 22
\BOOKMARK [2][-]{subsection.3.1}{\376\377\000B\000a\000y\000e\000s\000\040\000T\000h\000e\000o\000r\000e\000m\000\040\000a\000n\000d\000\040\000I\000t\000s\000\040\000A\000p\000p\000l\000i\000c\000a\000t\000i\000o\000n\000s}{section.3}% 23
\BOOKMARK [2][-]{subsection.3.2}{\376\377\000T\000h\000e\000\040\000M\000o\000n\000t\000y\000\040\000H\000a\000l\000l\000\040\000P\000r\000o\000b\000l\000e\000m\000:\000\040\000A\000\040\000B\000a\000y\000e\000s\000i\000a\000n\000\040\000A\000n\000a\000l\000y\000s\000i\000s}{section.3}% 24
\BOOKMARK [2][-]{subsection.3.3}{\376\377\000A\000l\000t\000e\000r\000n\000a\000t\000e\000\040\000M\000o\000n\000t\000y\000\040\000H\000a\000l\000l\000\040\000F\000o\000r\000m\000u\000l\000a\000t\000i\000o\000n\000s}{section.3}% 25
\BOOKMARK [2][-]{subsection.3.4}{\376\377\000M\000o\000n\000t\000y\000\040\000H\000a\000l\000l\000\040\000G\000e\000n\000e\000r\000a\000l\000i\000z\000e\000d\000\040\000t\000o\000\040\000n\000\040\000D\000o\000o\000r\000s}{section.3}% 26
\BOOKMARK [2][-]{subsection.3.5}{\376\377\000C\000o\000n\000t\000i\000n\000u\000o\000u\000s\000\040\000P\000r\000o\000b\000a\000b\000i\000l\000i\000t\000y\000\040\000D\000i\000s\000t\000r\000i\000b\000u\000t\000i\000o\000n\000s\000\040\000a\000n\000d\000\040\000M\000o\000m\000e\000n\000t\000s}{section.3}% 27
\BOOKMARK [2][-]{subsection.3.6}{\376\377\000D\000i\000s\000c\000r\000e\000t\000e\000\040\000P\000r\000o\000b\000a\000b\000i\000l\000i\000t\000y\000\040\000D\000i\000s\000t\000r\000i\000b\000u\000t\000i\000o\000n\000s}{section.3}% 28
\BOOKMARK [2][-]{subsection.3.7}{\376\377\000C\000u\000m\000u\000l\000a\000t\000i\000v\000e\000\040\000D\000i\000s\000t\000r\000i\000b\000u\000t\000i\000o\000n\000\040\000F\000u\000n\000c\000t\000i\000o\000n\000s}{section.3}% 29
\BOOKMARK [2][-]{subsection.3.8}{\376\377\000M\000u\000l\000t\000i\000v\000a\000r\000i\000a\000t\000e\000\040\000D\000i\000s\000t\000r\000i\000b\000u\000t\000i\000o\000n\000s\000\040\000a\000n\000d\000\040\000C\000o\000v\000a\000r\000i\000a\000n\000c\000e}{section.3}% 30
\BOOKMARK [1][-]{section.4}{\376\377\000J\000o\000i\000n\000t\000\040\000D\000i\000s\000t\000r\000i\000b\000u\000t\000i\000o\000n\000s\000,\000\040\000C\000o\000r\000r\000e\000l\000a\000t\000i\000o\000n\000s\000,\000\040\000a\000n\000d\000\040\000V\000a\000r\000i\000a\000b\000l\000e\000\040\000T\000r\000a\000n\000s\000f\000o\000r\000m\000a\000t\000i\000o\000n\000s}{}% 31
\BOOKMARK [2][-]{subsection.4.1}{\376\377\000C\000o\000n\000d\000i\000t\000i\000o\000n\000a\000l\000\040\000P\000r\000o\000b\000a\000b\000i\000l\000i\000t\000y\000:\000\040\000A\000\040\000S\000i\000m\000p\000l\000e\000\040\000E\000x\000a\000m\000p\000l\000e}{section.4}% 32
\BOOKMARK [2][-]{subsection.4.2}{\376\377\000D\000i\000s\000t\000r\000i\000b\000u\000t\000i\000o\000n\000s\000\040\000o\000f\000\040\000M\000u\000l\000t\000i\000p\000l\000e\000\040\000R\000a\000n\000d\000o\000m\000\040\000V\000a\000r\000i\000a\000b\000l\000e\000s}{section.4}% 33
\BOOKMARK [2][-]{subsection.4.3}{\376\377\000C\000o\000v\000a\000r\000i\000a\000n\000c\000e\000\040\000M\000a\000t\000r\000i\000x\000\040\000a\000n\000d\000\040\000C\000o\000r\000r\000e\000l\000a\000t\000i\000o\000n\000\040\000C\000o\000e\000f\000f\000i\000c\000i\000e\000n\000t}{section.4}% 34
\BOOKMARK [2][-]{subsection.4.4}{\376\377\000I\000n\000d\000e\000p\000e\000n\000d\000e\000n\000c\000e\000\040\000a\000n\000d\000\040\000U\000n\000c\000o\000r\000r\000e\000l\000a\000t\000e\000d\000\040\000V\000a\000r\000i\000a\000b\000l\000e\000s}{section.4}% 35
\BOOKMARK [2][-]{subsection.4.5}{\376\377\000E\000x\000a\000m\000p\000l\000e\000s\000\040\000o\000f\000\040\000C\000o\000r\000r\000e\000l\000a\000t\000e\000d\000\040\000a\000n\000d\000\040\000U\000n\000c\000o\000r\000r\000e\000l\000a\000t\000e\000d\000\040\000V\000a\000r\000i\000a\000b\000l\000e\000s}{section.4}% 36
\BOOKMARK [2][-]{subsection.4.6}{\376\377\000M\000a\000r\000g\000i\000n\000a\000l\000\040\000D\000i\000s\000t\000r\000i\000b\000u\000t\000i\000o\000n\000s}{section.4}% 37
\BOOKMARK [2][-]{subsection.4.7}{\376\377\000C\000h\000a\000n\000g\000e\000\040\000o\000f\000\040\000V\000a\000r\000i\000a\000b\000l\000e\000s\000\040\000i\000n\000\040\000P\000r\000o\000b\000a\000b\000i\000l\000i\000t\000y\000\040\000D\000e\000n\000s\000i\000t\000i\000e\000s}{section.4}% 38
\BOOKMARK [2][-]{subsection.4.8}{\376\377\000C\000h\000a\000n\000g\000e\000\040\000o\000f\000\040\000V\000a\000r\000i\000a\000b\000l\000e\000s\000:\000\040\000N\000o\000n\000\040\000O\000n\000e\000-\000t\000o\000-\000O\000n\000e\000\040\000C\000a\000s\000e}{section.4}% 39
\BOOKMARK [2][-]{subsection.4.9}{\376\377\000M\000u\000l\000t\000i\000v\000a\000r\000i\000a\000t\000e\000\040\000T\000r\000a\000n\000s\000f\000o\000r\000m\000a\000t\000i\000o\000n\000s\000\040\000a\000n\000d\000\040\000t\000h\000e\000\040\000J\000a\000c\000o\000b\000i\000a\000n}{section.4}% 40
\BOOKMARK [2][-]{subsection.4.10}{\376\377\000E\000x\000a\000m\000p\000l\000e\000:\000\040\000C\000a\000r\000t\000e\000s\000i\000a\000n\000\040\000t\000o\000\040\000P\000o\000l\000a\000r\000\040\000T\000r\000a\000n\000s\000f\000o\000r\000m\000a\000t\000i\000o\000n}{section.4}% 41
\BOOKMARK [1][-]{section.5}{\376\377\000P\000r\000o\000p\000a\000g\000a\000t\000i\000o\000n\000\040\000o\000f\000\040\000U\000n\000c\000e\000r\000t\000a\000i\000n\000t\000y\000\040\000i\000n\000\040\000M\000e\000a\000s\000u\000r\000e\000m\000e\000n\000t\000s}{}% 42
\BOOKMARK [2][-]{subsection.5.1}{\376\377\000P\000r\000o\000p\000a\000g\000a\000t\000i\000o\000n\000\040\000o\000f\000\040\000E\000r\000r\000o\000r\000s\000\040\000f\000o\000r\000\040\000a\000\040\000S\000i\000n\000g\000l\000e\000\040\000V\000a\000r\000i\000a\000b\000l\000e}{section.5}% 43
\BOOKMARK [2][-]{subsection.5.2}{\376\377\000V\000a\000r\000i\000a\000n\000c\000e\000\040\000P\000r\000o\000p\000a\000g\000a\000t\000i\000o\000n\000\040\000f\000o\000r\000\040\000a\000\040\000S\000i\000n\000g\000l\000e\000\040\000V\000a\000r\000i\000a\000b\000l\000e}{section.5}% 44
\BOOKMARK [2][-]{subsection.5.3}{\376\377\000P\000r\000o\000p\000a\000g\000a\000t\000i\000o\000n\000\040\000o\000f\000\040\000E\000r\000r\000o\000r\000s\000\040\000f\000o\000r\000\040\000M\000u\000l\000t\000i\000p\000l\000e\000\040\000V\000a\000r\000i\000a\000b\000l\000e\000s}{section.5}% 45
\BOOKMARK [2][-]{subsection.5.4}{\376\377\000C\000o\000v\000a\000r\000i\000a\000n\000c\000e\000\040\000P\000r\000o\000p\000a\000g\000a\000t\000i\000o\000n\000\040\000f\000o\000r\000\040\000F\000u\000n\000c\000t\000i\000o\000n\000s\000\040\000o\000f\000\040\000M\000u\000l\000t\000i\000p\000l\000e\000\040\000V\000a\000r\000i\000a\000b\000l\000e\000s}{section.5}% 46
\BOOKMARK [2][-]{subsection.5.5}{\376\377\000E\000x\000a\000m\000p\000l\000e\000s\000\040\000o\000f\000\040\000E\000r\000r\000o\000r\000\040\000P\000r\000o\000p\000a\000g\000a\000t\000i\000o\000n\000\040\000i\000n\000\040\000M\000e\000a\000s\000u\000r\000e\000m\000e\000n\000t\000s}{section.5}% 47
\BOOKMARK [2][-]{subsection.5.6}{\376\377\000M\000a\000t\000r\000i\000x\000\040\000F\000o\000r\000m\000u\000l\000a\000t\000i\000o\000n\000\040\000o\000f\000\040\000L\000i\000n\000e\000a\000r\000\040\000E\000r\000r\000o\000r\000\040\000P\000r\000o\000p\000a\000g\000a\000t\000i\000o\000n}{section.5}% 48
\BOOKMARK [2][-]{subsection.5.7}{\376\377\000V\000a\000r\000i\000a\000n\000c\000e\000\040\000o\000f\000\040\000t\000h\000e\000\040\000A\000r\000i\000t\000h\000m\000e\000t\000i\000c\000\040\000M\000e\000a\000n}{section.5}% 49
\BOOKMARK [2][-]{subsection.5.8}{\376\377\000E\000x\000a\000m\000p\000l\000e\000:\000\040\000M\000e\000a\000s\000u\000r\000i\000n\000g\000\040\000t\000h\000e\000\040\000P\000e\000r\000i\000o\000d\000\040\000o\000f\000\040\000a\000\040\000S\000i\000n\000e\000\040\000W\000a\000v\000e}{section.5}% 50
\BOOKMARK [1][-]{section.6}{\376\377\000C\000o\000v\000a\000r\000i\000a\000n\000c\000e\000\040\000T\000r\000a\000n\000s\000f\000o\000r\000m\000a\000t\000i\000o\000n\000s\000\040\000a\000n\000d\000\040\000t\000h\000e\000\040\000B\000i\000n\000o\000m\000i\000a\000l\000\040\000D\000i\000s\000t\000r\000i\000b\000u\000t\000i\000o\000n}{}% 51
\BOOKMARK [2][-]{subsection.6.1}{\376\377\000C\000o\000v\000a\000r\000i\000a\000n\000c\000e\000\040\000T\000r\000a\000n\000s\000f\000o\000r\000m\000a\000t\000i\000o\000n\000\040\000U\000n\000d\000e\000r\000\040\000L\000i\000n\000e\000a\000r\000\040\000T\000r\000a\000n\000s\000f\000o\000r\000m\000a\000t\000i\000o\000n\000s}{section.6}% 52
\BOOKMARK [2][-]{subsection.6.2}{\376\377\000T\000h\000e\000\040\000B\000i\000n\000o\000m\000i\000a\000l\000\040\000D\000i\000s\000t\000r\000i\000b\000u\000t\000i\000o\000n}{section.6}% 53
\BOOKMARK [1][-]{section.7}{\376\377\000L\000e\000c\000t\000u\000r\000e\000\040\0007}{}% 54
\BOOKMARK [2][-]{subsection.7.1}{\376\377\000R\000e\000v\000i\000e\000w\000\040\000o\000f\000\040\000t\000h\000e\000\040\000B\000i\000n\000o\000m\000i\000a\000l\000\040\000D\000i\000s\000t\000r\000i\000b\000u\000t\000i\000o\000n\000\040\000a\000n\000d\000\040\000I\000t\000s\000\040\000P\000r\000o\000p\000e\000r\000t\000i\000e\000s}{section.7}% 55
\BOOKMARK [2][-]{subsection.7.2}{\376\377\000B\000e\000r\000n\000o\000u\000l\000l\000i\000\040\000D\000i\000s\000t\000r\000i\000b\000u\000t\000i\000o\000n\000\040\000a\000s\000\040\000a\000\040\000S\000p\000e\000c\000i\000a\000l\000\040\000C\000a\000s\000e\000\040\000o\000f\000\040\000t\000h\000e\000\040\000B\000i\000n\000o\000m\000i\000a\000l}{section.7}% 56
\BOOKMARK [2][-]{subsection.7.3}{\376\377\000N\000e\000g\000a\000t\000i\000v\000e\000\040\000B\000i\000n\000o\000m\000i\000a\000l\000\040\000a\000n\000d\000\040\000G\000e\000o\000m\000e\000t\000r\000i\000c\000\040\000D\000i\000s\000t\000r\000i\000b\000u\000t\000i\000o\000n\000s}{section.7}% 57
\BOOKMARK [2][-]{subsection.7.4}{\376\377\000S\000a\000m\000p\000l\000e\000s\000\040\000a\000n\000d\000\040\000t\000h\000e\000\040\000C\000o\000n\000c\000e\000p\000t\000\040\000o\000f\000\040\000a\000n\000\040\000E\000n\000s\000e\000m\000b\000l\000e}{section.7}% 58
\BOOKMARK [2][-]{subsection.7.5}{\376\377\000P\000o\000i\000s\000s\000o\000n\000\040\000D\000i\000s\000t\000r\000i\000b\000u\000t\000i\000o\000n\000\040\000a\000s\000\040\000a\000\040\000L\000i\000m\000i\000t\000\040\000o\000f\000\040\000t\000h\000e\000\040\000B\000i\000n\000o\000m\000i\000a\000l}{section.7}% 59
\BOOKMARK [2][-]{subsection.7.6}{\376\377\000P\000o\000i\000s\000s\000o\000n\000\040\000P\000r\000o\000c\000e\000s\000s\000\040\000a\000n\000d\000\040\000R\000a\000d\000i\000o\000a\000c\000t\000i\000v\000e\000\040\000D\000e\000c\000a\000y}{section.7}% 60
\BOOKMARK [2][-]{subsection.7.7}{\376\377\000M\000o\000m\000e\000n\000t\000s\000\040\000a\000n\000d\000\040\000V\000a\000r\000i\000a\000n\000c\000e\000\040\000o\000f\000\040\000t\000h\000e\000\040\000P\000o\000i\000s\000s\000o\000n\000\040\000D\000i\000s\000t\000r\000i\000b\000u\000t\000i\000o\000n}{section.7}% 61
\BOOKMARK [1][-]{section.8}{\376\377\000L\000e\000c\000t\000u\000r\000e\000\040\0008}{}% 62
\BOOKMARK [2][-]{subsection.8.1}{\376\377\000T\000h\000e\000\040\000G\000a\000u\000s\000s\000i\000a\000n\000\040\000\050\000N\000o\000r\000m\000a\000l\000\051\000\040\000D\000i\000s\000t\000r\000i\000b\000u\000t\000i\000o\000n}{section.8}% 63
\BOOKMARK [2][-]{subsection.8.2}{\376\377\000T\000h\000e\000\040\000S\000t\000a\000n\000d\000a\000r\000d\000\040\000N\000o\000r\000m\000a\000l\000\040\000D\000i\000s\000t\000r\000i\000b\000u\000t\000i\000o\000n}{section.8}% 64
\BOOKMARK [2][-]{subsection.8.3}{\376\377\000E\000x\000a\000m\000p\000l\000e\000:\000\040\000C\000i\000r\000c\000u\000l\000a\000r\000\040\000S\000y\000m\000m\000e\000t\000r\000y\000\040\000\050\000D\000a\000r\000t\000s\000\040\000o\000n\000\040\000a\000\040\000B\000o\000a\000r\000d\000\051}{section.8}% 65
\BOOKMARK [2][-]{subsection.8.4}{\376\377\000E\000x\000p\000e\000c\000t\000a\000t\000i\000o\000n\000\040\000V\000a\000l\000u\000e\000\040\000o\000f\000\040\000a\000\040\000G\000a\000u\000s\000s\000i\000a\000n}{section.8}% 66
\BOOKMARK [2][-]{subsection.8.5}{\376\377\000M\000o\000m\000e\000n\000t\000s\000\040\000o\000f\000\040\000t\000h\000e\000\040\000G\000a\000u\000s\000s\000i\000a\000n}{section.8}% 67
\BOOKMARK [2][-]{subsection.8.6}{\376\377\000V\000a\000r\000i\000a\000n\000c\000e\000\040\000o\000f\000\040\000t\000h\000e\000\040\000G\000a\000u\000s\000s\000i\000a\000n}{section.8}% 68
\BOOKMARK [2][-]{subsection.8.7}{\376\377\000K\000u\000r\000t\000o\000s\000i\000s\000\040\000o\000f\000\040\000t\000h\000e\000\040\000G\000a\000u\000s\000s\000i\000a\000n}{section.8}% 69
\BOOKMARK [2][-]{subsection.8.8}{\376\377\000P\000o\000i\000s\000s\000o\000n\000\040\000D\000i\000s\000t\000r\000i\000b\000u\000t\000i\000o\000n\000\040\000a\000n\000d\000\040\000G\000a\000u\000s\000s\000i\000a\000n\000\040\000L\000i\000m\000i\000t}{section.8}% 70
\BOOKMARK [2][-]{subsection.8.9}{\376\377\000C\000e\000n\000t\000r\000a\000l\000\040\000L\000i\000m\000i\000t\000\040\000T\000h\000e\000o\000r\000e\000m\000\040\000\050\000C\000L\000T\000\051}{section.8}% 71
\BOOKMARK [2][-]{subsection.8.10}{\376\377\000C\000u\000m\000u\000l\000a\000t\000i\000v\000e\000\040\000D\000i\000s\000t\000r\000i\000b\000u\000t\000i\000o\000n\000\040\000F\000u\000n\000c\000t\000i\000o\000n\000\040\000o\000f\000\040\000a\000\040\000G\000a\000u\000s\000s\000i\000a\000n}{section.8}% 72
\BOOKMARK [2][-]{subsection.8.11}{\376\377\000G\000a\000u\000s\000s\000i\000a\000n\000\040\000C\000o\000n\000f\000i\000d\000e\000n\000c\000e\000\040\000I\000n\000t\000e\000r\000v\000a\000l\000s}{section.8}% 73
\BOOKMARK [2][-]{subsection.8.12}{\376\377\000E\000s\000t\000i\000m\000a\000t\000o\000r\000s}{section.8}% 74
\BOOKMARK [1][-]{section.9}{\376\377\000L\000e\000c\000t\000u\000r\000e\000\040\0009}{}% 75
\BOOKMARK [2][-]{subsection.9.1}{\376\377\000P\000r\000o\000p\000e\000r\000t\000i\000e\000s\000\040\000o\000f\000\040\000E\000s\000t\000i\000m\000a\000t\000o\000r\000s}{section.9}% 76
\BOOKMARK [2][-]{subsection.9.2}{\376\377\000E\000x\000a\000m\000p\000l\000e\000:\000\040\000M\000e\000a\000s\000u\000r\000e\000m\000e\000n\000t\000s\000\040\000a\000n\000d\000\040\000M\000o\000d\000e\000l\000s}{section.9}% 77
\BOOKMARK [2][-]{subsection.9.3}{\376\377\000L\000e\000a\000s\000t\000\040\000S\000q\000u\000a\000r\000e\000s\000\040\000E\000s\000t\000i\000m\000a\000t\000i\000o\000n}{section.9}% 78
\BOOKMARK [2][-]{subsection.9.4}{\376\377\000S\000t\000r\000a\000i\000g\000h\000t\000\040\000L\000i\000n\000e\000\040\000F\000i\000t}{section.9}% 79
\BOOKMARK [2][-]{subsection.9.5}{\376\377\000G\000e\000n\000e\000r\000a\000l\000i\000z\000e\000d\000\040\000L\000e\000a\000s\000t\000\040\000S\000q\000u\000a\000r\000e\000s\000\040\000w\000i\000t\000h\000\040\000C\000o\000v\000a\000r\000i\000a\000n\000c\000e\000\040\000M\000a\000t\000r\000i\000x}{section.9}% 80
\BOOKMARK [2][-]{subsection.9.6}{\376\377\000C\000o\000v\000a\000r\000i\000a\000n\000c\000e\000\040\000o\000f\000\040\000t\000h\000e\000\040\000E\000s\000t\000i\000m\000a\000t\000e\000d\000\040\000P\000a\000r\000a\000m\000e\000t\000e\000r\000s}{section.9}% 81
\BOOKMARK [2][-]{subsection.9.7}{\376\377\000G\000o\000o\000d\000n\000e\000s\000s\000\040\000o\000f\000\040\000F\000i\000t}{section.9}% 82
\BOOKMARK [1][-]{section.10}{\376\377\000L\000e\000c\000t\000u\000r\000e\000\040\0001\0000}{}% 83
\BOOKMARK [2][-]{subsection.10.1}{\376\377\000C\000h\000i\000-\000S\000q\000u\000a\000r\000e\000d\000\040\000f\000o\000r\000\040\000U\000n\000c\000o\000r\000r\000e\000l\000a\000t\000e\000d\000\040\000a\000n\000d\000\040\000C\000o\000r\000r\000e\000l\000a\000t\000e\000d\000\040\000M\000e\000a\000s\000u\000r\000e\000m\000e\000n\000t\000s}{section.10}% 84
\BOOKMARK [2][-]{subsection.10.2}{\376\377\000C\000o\000v\000a\000r\000i\000a\000n\000c\000e\000\040\000M\000a\000t\000r\000i\000x\000\040\000a\000n\000d\000\040\000L\000i\000n\000e\000a\000r\000\040\000T\000r\000a\000n\000s\000f\000o\000r\000m\000a\000t\000i\000o\000n\000s}{section.10}% 85
\BOOKMARK [2][-]{subsection.10.3}{\376\377\000M\000o\000d\000e\000l\000i\000n\000g\000\040\000D\000a\000t\000a\000\040\000w\000i\000t\000h\000\040\000P\000a\000r\000a\000m\000e\000t\000e\000r\000s}{section.10}% 86
\BOOKMARK [2][-]{subsection.10.4}{\376\377\000L\000e\000a\000s\000t\000\040\000S\000q\000u\000a\000r\000e\000s\000\040\000E\000s\000t\000i\000m\000a\000t\000i\000o\000n}{section.10}% 87
\BOOKMARK [2][-]{subsection.10.5}{\376\377\000D\000i\000s\000t\000r\000i\000b\000u\000t\000i\000o\000n\000\040\000o\000f\000\040\000P\000a\000r\000a\000m\000e\000t\000e\000r\000\040\000E\000s\000t\000i\000m\000a\000t\000e\000s}{section.10}% 88
\BOOKMARK [2][-]{subsection.10.6}{\376\377\000Q\000u\000a\000d\000r\000a\000t\000i\000c\000\040\000E\000x\000p\000a\000n\000s\000i\000o\000n\000\040\000o\000f\000\040\000c\000h\000i\000-\000s\000q\000u\000a\000r\000e\000d\000\040\000a\000n\000d\000\040\000E\000r\000r\000o\000r\000\040\000E\000s\000t\000i\000m\000a\000t\000e\000s}{section.10}% 89
\BOOKMARK [2][-]{subsection.10.7}{\376\377\000C\000o\000v\000a\000r\000i\000a\000n\000c\000e\000\040\000o\000f\000\040\000P\000a\000r\000a\000m\000e\000t\000e\000r\000\040\000E\000s\000t\000i\000m\000a\000t\000e\000s}{section.10}% 90
\BOOKMARK [1][-]{section.11}{\376\377\000L\000e\000c\000t\000u\000r\000e\000\040\0001\0001}{}% 91
\BOOKMARK [2][-]{subsection.11.1}{\376\377\000C\000h\000i\000-\000S\000q\000u\000a\000r\000e\000d\000\040\000M\000i\000n\000i\000m\000i\000z\000a\000t\000i\000o\000n\000\040\000a\000n\000d\000\040\000D\000e\000g\000r\000e\000e\000s\000\040\000o\000f\000\040\000F\000r\000e\000e\000d\000o\000m}{section.11}% 92
\BOOKMARK [2][-]{subsection.11.2}{\376\377\000T\000w\000o\000-\000M\000e\000a\000s\000u\000r\000e\000m\000e\000n\000t\000\040\000E\000x\000a\000m\000p\000l\000e\000\040\000a\000n\000d\000\040\000C\000o\000r\000r\000e\000l\000a\000t\000e\000d\000\040\000V\000a\000r\000i\000a\000b\000l\000e\000s}{section.11}% 93
\BOOKMARK [2][-]{subsection.11.3}{\376\377\000R\000e\000s\000i\000d\000u\000a\000l\000s\000\040\000a\000n\000d\000\040\000G\000o\000o\000d\000n\000e\000s\000s\000\040\000o\000f\000\040\000F\000i\000t}{section.11}% 94
\BOOKMARK [2][-]{subsection.11.4}{\376\377\000D\000i\000s\000t\000r\000i\000b\000u\000t\000i\000o\000n\000\040\000o\000f\000\040\000E\000s\000t\000i\000m\000a\000t\000o\000r\000s}{section.11}% 95
\BOOKMARK [2][-]{subsection.11.5}{\376\377\000T\000o\000y\000\040\000M\000o\000n\000t\000e\000\040\000C\000a\000r\000l\000o\000\040\000S\000i\000m\000u\000l\000a\000t\000i\000o\000n\000s\000\040\000f\000o\000r\000\040\000E\000s\000t\000i\000m\000a\000t\000o\000r\000\040\000D\000i\000s\000t\000r\000i\000b\000u\000t\000i\000o\000n\000s}{section.11}% 96
\BOOKMARK [2][-]{subsection.11.6}{\376\377\000T\000y\000p\000i\000c\000a\000l\000\040\000A\000p\000p\000l\000i\000c\000a\000t\000i\000o\000n\000s\000\040\000o\000f\000\040\000L\000e\000a\000s\000t\000\040\000S\000q\000u\000a\000r\000e\000s\000\040\000F\000i\000t\000t\000i\000n\000g}{section.11}% 97
\BOOKMARK [1][-]{section.12}{\376\377\000L\000e\000c\000t\000u\000r\000e\000\040\0001\0002}{}% 98
\BOOKMARK [2][-]{subsection.12.1}{\376\377\000L\000e\000a\000s\000t\000-\000S\000q\000u\000a\000r\000e\000s\000\040\000F\000i\000t\000s}{section.12}% 99
\BOOKMARK [2][-]{subsection.12.2}{\376\377\000U\000n\000b\000i\000n\000n\000e\000d\000\040\000D\000a\000t\000a\000\040\000a\000n\000d\000\040\000L\000i\000k\000e\000l\000i\000h\000o\000o\000d\000\040\000F\000u\000n\000c\000t\000i\000o\000n\000s}{section.12}% 100
\BOOKMARK [2][-]{subsection.12.3}{\376\377\000E\000x\000a\000m\000p\000l\000e\000:\000\040\000E\000x\000p\000o\000n\000e\000n\000t\000i\000a\000l\000\040\000D\000i\000s\000t\000r\000i\000b\000u\000t\000i\000o\000n}{section.12}% 101
\BOOKMARK [2][-]{subsection.12.4}{\376\377\000E\000x\000a\000m\000p\000l\000e\000:\000\040\000L\000i\000f\000e\000t\000i\000m\000e\000\040\000w\000i\000t\000h\000\040\000C\000u\000t\000o\000f\000f\000\040\000T}{section.12}% 102
\BOOKMARK [2][-]{subsection.12.5}{\376\377\000E\000x\000a\000m\000p\000l\000e\000:\000\040\000M\000u\000l\000t\000i\000p\000l\000e\000\040\000G\000a\000u\000s\000s\000i\000a\000n\000\040\000M\000e\000a\000s\000u\000r\000e\000m\000e\000n\000t\000s}{section.12}% 103
\BOOKMARK [2][-]{subsection.12.6}{\376\377\000P\000r\000o\000p\000e\000r\000t\000i\000e\000s\000\040\000o\000f\000\040\000t\000h\000e\000\040\000M\000a\000x\000i\000m\000u\000m\000-\000L\000i\000k\000e\000l\000i\000h\000o\000o\000d\000\040\000E\000s\000t\000i\000m\000a\000t\000o\000r}{section.12}% 104
\BOOKMARK [1][-]{section.13}{\376\377\000L\000e\000c\000t\000u\000r\000e\000\040\0001\0003}{}% 105
\BOOKMARK [2][-]{subsection.13.1}{\376\377\000D\000e\000f\000i\000n\000i\000t\000i\000o\000n\000\040\000o\000f\000\040\000t\000h\000e\000\040\000L\000i\000k\000e\000l\000i\000h\000o\000o\000d\000\040\000F\000u\000n\000c\000t\000i\000o\000n}{section.13}% 106
\BOOKMARK [2][-]{subsection.13.2}{\376\377\000M\000a\000x\000i\000m\000u\000m\000\040\000L\000i\000k\000e\000l\000i\000h\000o\000o\000d\000\040\000E\000s\000t\000i\000m\000a\000t\000i\000o\000n\000\040\000\050\000M\000L\000E\000\051}{section.13}% 107
\BOOKMARK [2][-]{subsection.13.3}{\376\377\000Q\000u\000a\000d\000r\000a\000t\000i\000c\000\040\000A\000p\000p\000r\000o\000x\000i\000m\000a\000t\000i\000o\000n\000\040\000o\000f\000\040\000t\000h\000e\000\040\000L\000o\000g\000-\000L\000i\000k\000e\000l\000i\000h\000o\000o\000d}{section.13}% 108
\BOOKMARK [2][-]{subsection.13.4}{\376\377\000A\000s\000y\000m\000p\000t\000o\000t\000i\000c\000\040\000L\000i\000m\000i\000t\000\040\000a\000n\000d\000\040\000E\000x\000p\000e\000c\000t\000a\000t\000i\000o\000n\000\040\000R\000e\000l\000a\000t\000i\000o\000n}{section.13}% 109
\BOOKMARK [2][-]{subsection.13.5}{\376\377\000N\000o\000r\000m\000a\000l\000i\000z\000a\000t\000i\000o\000n\000\040\000o\000f\000\040\000t\000h\000e\000\040\000L\000i\000k\000e\000l\000i\000h\000o\000o\000d\000\040\000F\000u\000n\000c\000t\000i\000o\000n}{section.13}% 110
\BOOKMARK [2][-]{subsection.13.6}{\376\377\000G\000a\000u\000s\000s\000i\000a\000n\000\040\000A\000p\000p\000r\000o\000x\000i\000m\000a\000t\000i\000o\000n\000\040\000v\000i\000a\000\040\000t\000h\000e\000\040\000C\000e\000n\000t\000r\000a\000l\000\040\000L\000i\000m\000i\000t\000\040\000T\000h\000e\000o\000r\000e\000m}{section.13}% 111
\BOOKMARK [2][-]{subsection.13.7}{\376\377\000V\000a\000r\000i\000a\000n\000c\000e\000\040\000o\000f\000\040\000t\000h\000e\000\040\000E\000s\000t\000i\000m\000a\000t\000o\000r\000\040\000a\000n\000d\000\040\000t\000h\000e\000\040\000F\000i\000s\000h\000e\000r\000\040\000I\000n\000f\000o\000r\000m\000a\000t\000i\000o\000n}{section.13}% 112
\BOOKMARK [2][-]{subsection.13.8}{\376\377\000T\000a\000y\000l\000o\000r\000\040\000E\000x\000p\000a\000n\000s\000i\000o\000n\000\040\000N\000e\000a\000r\000\040\000t\000h\000e\000\040\000M\000a\000x\000i\000m\000u\000m\000\040\000L\000i\000k\000e\000l\000i\000h\000o\000o\000d\000\040\000E\000s\000t\000i\000m\000a\000t\000e}{section.13}% 113
\BOOKMARK [2][-]{subsection.13.9}{\376\377\000G\000o\000o\000d\000n\000e\000s\000s\000\040\000o\000f\000\040\000F\000i\000t\000\040\000a\000n\000d\000\040\000t\000h\000e\000\040\000K\000o\000l\000m\000o\000g\000o\000r\000o\000v\040\023\000S\000m\000i\000r\000n\000o\000v\000\040\000T\000e\000s\000t}{section.13}% 114
