\BOOKMARK [1][-]{section.1}{\376\377\000L\000e\000c\000t\000u\000r\000e\000\040\0001\000:\000\040\000F\000o\000u\000n\000d\000a\000t\000i\000o\000n\000s\000\040\000o\000f\000\040\000P\000r\000o\000b\000a\000b\000i\000l\000i\000t\000y\000\040\000T\000h\000e\000o\000r\000y}{}% 1
\BOOKMARK [2][-]{subsection.1.1}{\376\377\000B\000a\000s\000i\000c\000s}{section.1}% 2
\BOOKMARK [2][-]{subsection.1.2}{\376\377\000K\000o\000l\000m\000o\000g\000o\000r\000o\000v\000'\000s\000\040\000A\000x\000i\000o\000m\000s}{section.1}% 3
\BOOKMARK [2][-]{subsection.1.3}{\376\377\000K\000e\000y\000\040\000C\000o\000n\000s\000e\000q\000u\000e\000n\000c\000e\000s}{section.1}% 4
\BOOKMARK [2][-]{subsection.1.4}{\376\377\000U\000n\000i\000f\000o\000r\000m\000\040\000P\000r\000o\000b\000a\000b\000i\000l\000i\000t\000y}{section.1}% 5
\BOOKMARK [2][-]{subsection.1.5}{\376\377\000C\000o\000n\000d\000i\000t\000i\000o\000n\000a\000l\000\040\000P\000r\000o\000b\000a\000b\000i\000l\000i\000t\000y}{section.1}% 6
\BOOKMARK [2][-]{subsection.1.6}{\376\377\000S\000e\000t\000\040\000O\000p\000e\000r\000a\000t\000i\000o\000n\000s}{section.1}% 7
\BOOKMARK [2][-]{subsection.1.7}{\376\377\000D\000e\000\040\000M\000o\000r\000g\000a\000n\000'\000s\000\040\000L\000a\000w\000s}{section.1}% 8
\BOOKMARK [1][-]{section.2}{\376\377\000L\000e\000c\000t\000u\000r\000e\000\040\0002\000:\000\040\000B\000a\000y\000e\000s\000i\000a\000n\000\040\000I\000n\000f\000e\000r\000e\000n\000c\000e\000\040\000a\000n\000d\000\040\000R\000a\000n\000d\000o\000m\000\040\000V\000a\000r\000i\000a\000b\000l\000e\000s}{}% 9
\BOOKMARK [2][-]{subsection.2.1}{\376\377\000B\000a\000y\000e\000s\000'\000\040\000T\000h\000e\000o\000r\000e\000m}{section.2}% 10
\BOOKMARK [2][-]{subsection.2.2}{\376\377\000L\000a\000w\000\040\000o\000f\000\040\000T\000o\000t\000a\000l\000\040\000P\000r\000o\000b\000a\000b\000i\000l\000i\000t\000y}{section.2}% 11
\BOOKMARK [2][-]{subsection.2.3}{\376\377\000I\000n\000d\000e\000p\000e\000n\000d\000e\000n\000c\000e}{section.2}% 12
\BOOKMARK [2][-]{subsection.2.4}{\376\377\000R\000a\000n\000d\000o\000m\000\040\000V\000a\000r\000i\000a\000b\000l\000e\000s}{section.2}% 13
\BOOKMARK [2][-]{subsection.2.5}{\376\377\000P\000r\000o\000b\000a\000b\000i\000l\000i\000t\000y\000\040\000M\000a\000s\000s\000\040\000F\000u\000n\000c\000t\000i\000o\000n\000\040\000\050\000P\000M\000F\000\051}{section.2}% 14
\BOOKMARK [2][-]{subsection.2.6}{\376\377\000C\000u\000m\000u\000l\000a\000t\000i\000v\000e\000\040\000D\000i\000s\000t\000r\000i\000b\000u\000t\000i\000o\000n\000\040\000F\000u\000n\000c\000t\000i\000o\000n\000\040\000\050\000C\000D\000F\000\051}{section.2}% 15
\BOOKMARK [1][-]{section.3}{\376\377\000L\000e\000c\000t\000u\000r\000e\000\040\0003\000:\000\040\000B\000a\000y\000e\000s\000i\000a\000n\000\040\000R\000e\000a\000s\000o\000n\000i\000n\000g\000\040\000a\000n\000d\000\040\000P\000r\000o\000b\000a\000b\000i\000l\000i\000t\000y\000\040\000D\000i\000s\000t\000r\000i\000b\000u\000t\000i\000o\000n\000s}{}% 16
\BOOKMARK [2][-]{subsection.3.1}{\376\377\000C\000o\000n\000t\000i\000n\000u\000o\000u\000s\000\040\000R\000a\000n\000d\000o\000m\000\040\000V\000a\000r\000i\000a\000b\000l\000e\000s}{section.3}% 17
\BOOKMARK [3][-]{subsubsection.3.1.1}{\376\377\000P\000r\000o\000b\000a\000b\000i\000l\000i\000t\000y\000\040\000D\000e\000n\000s\000i\000t\000y\000\040\000F\000u\000n\000c\000t\000i\000o\000n\000\040\000\050\000P\000D\000F\000\051}{subsection.3.1}% 18
\BOOKMARK [3][-]{subsubsection.3.1.2}{\376\377\000R\000e\000l\000a\000t\000i\000o\000n\000s\000h\000i\000p\000\040\000t\000o\000\040\000C\000D\000F}{subsection.3.1}% 19
\BOOKMARK [2][-]{subsection.3.2}{\376\377\000E\000x\000p\000e\000c\000t\000a\000t\000i\000o\000n\000\040\000V\000a\000l\000u\000e}{section.3}% 20
\BOOKMARK [2][-]{subsection.3.3}{\376\377\000V\000a\000r\000i\000a\000n\000c\000e}{section.3}% 21
\BOOKMARK [2][-]{subsection.3.4}{\376\377\000S\000t\000a\000n\000d\000a\000r\000d\000\040\000D\000e\000v\000i\000a\000t\000i\000o\000n}{section.3}% 22
\BOOKMARK [2][-]{subsection.3.5}{\376\377\000I\000m\000p\000o\000r\000t\000a\000n\000t\000\040\000D\000i\000s\000t\000r\000i\000b\000u\000t\000i\000o\000n\000s}{section.3}% 23
\BOOKMARK [3][-]{subsubsection.3.5.1}{\376\377\000U\000n\000i\000f\000o\000r\000m\000\040\000D\000i\000s\000t\000r\000i\000b\000u\000t\000i\000o\000n}{subsection.3.5}% 24
\BOOKMARK [3][-]{subsubsection.3.5.2}{\376\377\000E\000x\000p\000o\000n\000e\000n\000t\000i\000a\000l\000\040\000D\000i\000s\000t\000r\000i\000b\000u\000t\000i\000o\000n}{subsection.3.5}% 25
\BOOKMARK [3][-]{subsubsection.3.5.3}{\376\377\000N\000o\000r\000m\000a\000l\000\040\000\050\000G\000a\000u\000s\000s\000i\000a\000n\000\051\000\040\000D\000i\000s\000t\000r\000i\000b\000u\000t\000i\000o\000n}{subsection.3.5}% 26
\BOOKMARK [2][-]{subsection.3.6}{\376\377\000C\000h\000a\000r\000a\000c\000t\000e\000r\000i\000s\000t\000i\000c\000\040\000F\000u\000n\000c\000t\000i\000o\000n}{section.3}% 27
\BOOKMARK [2][-]{subsection.3.7}{\376\377\000M\000o\000m\000e\000n\000t\000s}{section.3}% 28
\BOOKMARK [3][-]{subsubsection.3.7.1}{\376\377\000R\000a\000w\000\040\000M\000o\000m\000e\000n\000t\000s}{subsection.3.7}% 29
\BOOKMARK [3][-]{subsubsection.3.7.2}{\376\377\000C\000a\000l\000c\000u\000l\000a\000t\000i\000n\000g\000\040\000M\000o\000m\000e\000n\000t\000s\000\040\000f\000r\000o\000m\000\040\000C\000h\000a\000r\000a\000c\000t\000e\000r\000i\000s\000t\000i\000c\000\040\000F\000u\000n\000c\000t\000i\000o\000n}{subsection.3.7}% 30
\BOOKMARK [3][-]{subsubsection.3.7.3}{\376\377\000C\000e\000n\000t\000r\000a\000l\000\040\000M\000o\000m\000e\000n\000t\000s}{subsection.3.7}% 31
\BOOKMARK [3][-]{subsubsection.3.7.4}{\376\377\000S\000t\000a\000n\000d\000a\000r\000d\000i\000z\000e\000d\000\040\000M\000o\000m\000e\000n\000t\000s}{subsection.3.7}% 32
\BOOKMARK [3][-]{subsubsection.3.7.5}{\376\377\000M\000o\000m\000e\000n\000t\000\040\000G\000e\000n\000e\000r\000a\000t\000i\000n\000g\000\040\000F\000u\000n\000c\000t\000i\000o\000n\000\040\000\050\000M\000G\000F\000\051}{subsection.3.7}% 33
\BOOKMARK [1][-]{section.4}{\376\377\000L\000e\000c\000t\000u\000r\000e\000\040\0004\000:\000\040\000J\000o\000i\000n\000t\000\040\000D\000i\000s\000t\000r\000i\000b\000u\000t\000i\000o\000n\000s\000,\000\040\000C\000o\000r\000r\000e\000l\000a\000t\000i\000o\000n\000s\000,\000\040\000a\000n\000d\000\040\000V\000a\000r\000i\000a\000b\000l\000e\000\040\000T\000r\000a\000n\000s\000f\000o\000r\000m\000a\000t\000i\000o\000n\000s}{}% 34
\BOOKMARK [2][-]{subsection.4.1}{\376\377\000J\000o\000i\000n\000t\000\040\000P\000r\000o\000b\000a\000b\000i\000l\000i\000t\000y}{section.4}% 35
\BOOKMARK [3][-]{subsubsection.4.1.1}{\376\377\000D\000i\000s\000c\000r\000e\000t\000e\000\040\000C\000a\000s\000e}{subsection.4.1}% 36
\BOOKMARK [3][-]{subsubsection.4.1.2}{\376\377\000C\000o\000n\000t\000i\000n\000u\000o\000u\000s\000\040\000C\000a\000s\000e}{subsection.4.1}% 37
\BOOKMARK [2][-]{subsection.4.2}{\376\377\000M\000a\000r\000g\000i\000n\000a\000l\000\040\000D\000i\000s\000t\000r\000i\000b\000u\000t\000i\000o\000n\000s}{section.4}% 38
\BOOKMARK [2][-]{subsection.4.3}{\376\377\000I\000n\000d\000e\000p\000e\000n\000d\000e\000n\000c\000e}{section.4}% 39
\BOOKMARK [2][-]{subsection.4.4}{\376\377\000C\000o\000n\000v\000o\000l\000u\000t\000i\000o\000n\000\040\000F\000o\000r\000m\000u\000l\000a}{section.4}% 40
\BOOKMARK [2][-]{subsection.4.5}{\376\377\000C\000o\000v\000a\000r\000i\000a\000n\000c\000e}{section.4}% 41
\BOOKMARK [2][-]{subsection.4.6}{\376\377\000C\000o\000r\000r\000e\000l\000a\000t\000i\000o\000n\000\040\000C\000o\000e\000f\000f\000i\000c\000i\000e\000n\000t}{section.4}% 42
\BOOKMARK [2][-]{subsection.4.7}{\376\377\000C\000o\000v\000a\000r\000i\000a\000n\000c\000e\000\040\000M\000a\000t\000r\000i\000x}{section.4}% 43
\BOOKMARK [1][-]{section.5}{\376\377\000L\000e\000c\000t\000u\000r\000e\000\040\0005\000:\000\040\000P\000r\000o\000p\000a\000g\000a\000t\000i\000o\000n\000\040\000o\000f\000\040\000U\000n\000c\000e\000r\000t\000a\000i\000n\000t\000y\000\040\000i\000n\000\040\000M\000e\000a\000s\000u\000r\000e\000m\000e\000n\000t\000s}{}% 44
\BOOKMARK [2][-]{subsection.5.1}{\376\377\000L\000i\000n\000e\000a\000r\000\040\000T\000r\000a\000n\000s\000f\000o\000r\000m\000a\000t\000i\000o\000n}{section.5}% 45
\BOOKMARK [2][-]{subsection.5.2}{\376\377\000G\000e\000n\000e\000r\000a\000l\000\040\000F\000u\000n\000c\000t\000i\000o\000n\000\040\000o\000f\000\040\000O\000n\000e\000\040\000V\000a\000r\000i\000a\000b\000l\000e}{section.5}% 46
\BOOKMARK [2][-]{subsection.5.3}{\376\377\000F\000u\000n\000c\000t\000i\000o\000n\000\040\000o\000f\000\040\000M\000u\000l\000t\000i\000p\000l\000e\000\040\000V\000a\000r\000i\000a\000b\000l\000e\000s}{section.5}% 47
\BOOKMARK [2][-]{subsection.5.4}{\376\377\000C\000o\000m\000m\000o\000n\000\040\000C\000a\000s\000e\000s}{section.5}% 48
\BOOKMARK [1][-]{section.6}{\376\377\000L\000e\000c\000t\000u\000r\000e\000\040\0006\000:\000\040\000C\000o\000v\000a\000r\000i\000a\000n\000c\000e\000\040\000T\000r\000a\000n\000s\000f\000o\000r\000m\000a\000t\000i\000o\000n\000s\000\040\000a\000n\000d\000\040\000t\000h\000e\000\040\000B\000i\000n\000o\000m\000i\000a\000l\000\040\000D\000i\000s\000t\000r\000i\000b\000u\000t\000i\000o\000n}{}% 49
\BOOKMARK [2][-]{subsection.6.1}{\376\377\000L\000i\000n\000e\000a\000r\000\040\000T\000r\000a\000n\000s\000f\000o\000r\000m\000a\000t\000i\000o\000n\000\040\000o\000f\000\040\000C\000o\000v\000a\000r\000i\000a\000n\000c\000e\000\040\000M\000a\000t\000r\000i\000x}{section.6}% 50
\BOOKMARK [2][-]{subsection.6.2}{\376\377\000G\000e\000n\000e\000r\000a\000l\000\040\000T\000r\000a\000n\000s\000f\000o\000r\000m\000a\000t\000i\000o\000n}{section.6}% 51
\BOOKMARK [2][-]{subsection.6.3}{\376\377\000B\000i\000n\000o\000m\000i\000a\000l\000\040\000D\000i\000s\000t\000r\000i\000b\000u\000t\000i\000o\000n}{section.6}% 52
\BOOKMARK [2][-]{subsection.6.4}{\376\377\000P\000o\000i\000s\000s\000o\000n\000\040\000D\000i\000s\000t\000r\000i\000b\000u\000t\000i\000o\000n}{section.6}% 53
\BOOKMARK [2][-]{subsection.6.5}{\376\377\000C\000e\000n\000t\000r\000a\000l\000\040\000L\000i\000m\000i\000t\000\040\000T\000h\000e\000o\000r\000e\000m}{section.6}% 54
\BOOKMARK [1][-]{section.7}{\376\377\000K\000e\000y\000\040\000C\000o\000n\000s\000t\000a\000n\000t\000s\000\040\000a\000n\000d\000\040\000I\000d\000e\000n\000t\000i\000t\000i\000e\000s}{}% 55
\BOOKMARK [2][-]{subsection.7.1}{\376\377\000C\000o\000m\000b\000i\000n\000a\000t\000o\000r\000i\000c\000s}{section.7}% 56
\BOOKMARK [2][-]{subsection.7.2}{\376\377\000G\000a\000u\000s\000s\000i\000a\000n\000\040\000I\000n\000t\000e\000g\000r\000a\000l\000s}{section.7}% 57
\BOOKMARK [2][-]{subsection.7.3}{\376\377\000S\000t\000a\000n\000d\000a\000r\000d\000\040\000N\000o\000r\000m\000a\000l\000\040\000D\000i\000s\000t\000r\000i\000b\000u\000t\000i\000o\000n}{section.7}% 58
\BOOKMARK [1][-]{section.8}{\376\377\000L\000e\000c\000t\000u\000r\000e\000\040\0008\000:\000\040\000T\000h\000e\000\040\000G\000a\000u\000s\000s\000i\000a\000n\000\040\000D\000i\000s\000t\000r\000i\000b\000u\000t\000i\000o\000n\000\040\000a\000n\000d\000\040\000C\000L\000T}{}% 59
\BOOKMARK [2][-]{subsection.8.1}{\376\377\000G\000a\000u\000s\000s\000i\000a\000n\000\040\000P\000r\000o\000p\000e\000r\000t\000i\000e\000s}{section.8}% 60
\BOOKMARK [2][-]{subsection.8.2}{\376\377\000C\000e\000n\000t\000r\000a\000l\000\040\000L\000i\000m\000i\000t\000\040\000T\000h\000e\000o\000r\000e\000m\000\040\000\050\000C\000L\000T\000\051}{section.8}% 61
\BOOKMARK [2][-]{subsection.8.3}{\376\377\000E\000r\000r\000o\000r\000\040\000F\000u\000n\000c\000t\000i\000o\000n}{section.8}% 62
\BOOKMARK [2][-]{subsection.8.4}{\376\377\000G\000a\000u\000s\000s\000i\000a\000n\000\040\000C\000o\000n\000f\000i\000d\000e\000n\000c\000e\000\040\000I\000n\000t\000e\000r\000v\000a\000l\000s}{section.8}% 63
\BOOKMARK [1][-]{section.9}{\376\377\000L\000e\000c\000t\000u\000r\000e\000\040\0009\000:\000\040\000E\000s\000t\000i\000m\000a\000t\000o\000r\000s\000\040\000a\000n\000d\000\040\000L\000e\000a\000s\000t\000\040\000S\000q\000u\000a\000r\000e\000s}{}% 64
\BOOKMARK [2][-]{subsection.9.1}{\376\377\000P\000r\000o\000p\000e\000r\000t\000i\000e\000s\000\040\000o\000f\000\040\000E\000s\000t\000i\000m\000a\000t\000o\000r\000s}{section.9}% 65
\BOOKMARK [2][-]{subsection.9.2}{\376\377\000L\000e\000a\000s\000t\000\040\000S\000q\000u\000a\000r\000e\000s\000\040\000E\000s\000t\000i\000m\000a\000t\000i\000o\000n\000\040\000\050\0002\000\051}{section.9}% 66
\BOOKMARK [2][-]{subsection.9.3}{\376\377\000L\000i\000n\000e\000a\000r\000\040\000L\000e\000a\000s\000t\000\040\000S\000q\000u\000a\000r\000e\000s}{section.9}% 67
\BOOKMARK [2][-]{subsection.9.4}{\376\377\000G\000o\000o\000d\000n\000e\000s\000s\000\040\000o\000f\000\040\000F\000i\000t}{section.9}% 68
\BOOKMARK [1][-]{section.10}{\376\377\000L\000e\000c\000t\000u\000r\000e\000\040\0001\0000\000:\000\040\000A\000d\000v\000a\000n\000c\000e\000d\000\040\0002\000\040\000a\000n\000d\000\040\000P\000a\000r\000a\000m\000e\000t\000e\000r\000\040\000E\000r\000r\000o\000r\000s}{}% 69
\BOOKMARK [2][-]{subsection.10.1}{\376\377\000G\000e\000n\000e\000r\000a\000l\000\040\000C\000h\000i\000-\000S\000q\000u\000a\000r\000e\000d\000\040\000f\000o\000r\000\040\000C\000o\000r\000r\000e\000l\000a\000t\000e\000d\000\040\000D\000a\000t\000a}{section.10}% 70
\BOOKMARK [2][-]{subsection.10.2}{\376\377\000P\000a\000r\000a\000m\000e\000t\000e\000r\000\040\000E\000r\000r\000o\000r\000s\000\040\000f\000r\000o\000m\000\040\0002\000\040\000C\000u\000r\000v\000a\000t\000u\000r\000e}{section.10}% 71
\BOOKMARK [3][-]{subsubsection.10.2.1}{\376\377\000G\000e\000n\000e\000r\000a\000l\000\040\000\050\000N\000o\000n\000-\000L\000i\000n\000e\000a\000r\000\051\000\040\000C\000a\000s\000e}{subsection.10.2}% 72
