\BOOKMARK [1][-]{section.1}{\376\377\000W\000e\000e\000k\000\040\0001\000:\000\040\000F\000o\000u\000n\000d\000a\000t\000i\000o\000n\000s\000\040\000o\000f\000\040\000P\000r\000o\000b\000a\000b\000i\000l\000i\000t\000y}{}% 1
\BOOKMARK [2][-]{subsection.1.1}{\376\377\000S\000a\000m\000p\000l\000e\000\040\000S\000p\000a\000c\000e\000,\000\040\000E\000v\000e\000n\000t\000s\000,\000\040\000a\000n\000d\000\040\000A\000x\000i\000o\000m\000s}{section.1}% 2
\BOOKMARK [2][-]{subsection.1.2}{\376\377\000K\000o\000l\000m\000o\000g\000o\000r\000o\000v\000\040\000A\000x\000i\000o\000m\000s}{section.1}% 3
\BOOKMARK [2][-]{subsection.1.3}{\376\377\000B\000a\000s\000i\000c\000\040\000R\000u\000l\000e\000s}{section.1}% 4
\BOOKMARK [2][-]{subsection.1.4}{\376\377\000C\000o\000n\000d\000i\000t\000i\000o\000n\000a\000l\000\040\000P\000r\000o\000b\000a\000b\000i\000l\000i\000t\000y}{section.1}% 5
\BOOKMARK [2][-]{subsection.1.5}{\376\377\000L\000a\000w\000\040\000o\000f\000\040\000T\000o\000t\000a\000l\000\040\000P\000r\000o\000b\000a\000b\000i\000l\000i\000t\000y}{section.1}% 6
\BOOKMARK [2][-]{subsection.1.6}{\376\377\000B\000a\000y\000e\000s\040\031\000\040\000T\000h\000e\000o\000r\000e\000m}{section.1}% 7
\BOOKMARK [1][-]{section.2}{\376\377\000W\000e\000e\000k\000\040\0002\000:\000\040\000R\000a\000n\000d\000o\000m\000\040\000V\000a\000r\000i\000a\000b\000l\000e\000s\000\040\000a\000n\000d\000\040\000E\000x\000p\000e\000c\000t\000a\000t\000i\000o\000n\000\040\000V\000a\000l\000u\000e\000s}{}% 8
\BOOKMARK [2][-]{subsection.2.1}{\376\377\000D\000i\000s\000c\000r\000e\000t\000e\000\040\000R\000a\000n\000d\000o\000m\000\040\000V\000a\000r\000i\000a\000b\000l\000e\000s}{section.2}% 9
\BOOKMARK [2][-]{subsection.2.2}{\376\377\000C\000o\000n\000t\000i\000n\000u\000o\000u\000s\000\040\000R\000a\000n\000d\000o\000m\000\040\000V\000a\000r\000i\000a\000b\000l\000e\000s}{section.2}% 10
\BOOKMARK [2][-]{subsection.2.3}{\376\377\000E\000x\000p\000e\000c\000t\000a\000t\000i\000o\000n\000\040\000a\000n\000d\000\040\000M\000o\000m\000e\000n\000t\000s}{section.2}% 11
\BOOKMARK [2][-]{subsection.2.4}{\376\377\000C\000o\000v\000a\000r\000i\000a\000n\000c\000e\000\040\000a\000n\000d\000\040\000C\000o\000r\000r\000e\000l\000a\000t\000i\000o\000n}{section.2}% 12
\BOOKMARK [2][-]{subsection.2.5}{\376\377\000C\000h\000a\000n\000g\000e\000\040\000o\000f\000\040\000V\000a\000r\000i\000a\000b\000l\000e\000s}{section.2}% 13
\BOOKMARK [1][-]{section.3}{\376\377\000W\000e\000e\000k\000\040\0003\000:\000\040\000C\000o\000m\000m\000o\000n\000\040\000P\000r\000o\000b\000a\000b\000i\000l\000i\000t\000y\000\040\000D\000i\000s\000t\000r\000i\000b\000u\000t\000i\000o\000n\000s}{}% 14
\BOOKMARK [2][-]{subsection.3.1}{\376\377\000B\000e\000r\000n\000o\000u\000l\000l\000i}{section.3}% 15
\BOOKMARK [2][-]{subsection.3.2}{\376\377\000B\000i\000n\000o\000m\000i\000a\000l}{section.3}% 16
\BOOKMARK [2][-]{subsection.3.3}{\376\377\000P\000o\000i\000s\000s\000o\000n}{section.3}% 17
\BOOKMARK [2][-]{subsection.3.4}{\376\377\000G\000a\000u\000s\000s\000i\000a\000n}{section.3}% 18
\BOOKMARK [2][-]{subsection.3.5}{\376\377\000C\000h\000i\000-\000S\000q\000u\000a\000r\000e\000\040\000\050\000k\000\040\000d\000.\000o\000.\000f\000.\000\051}{section.3}% 19
\BOOKMARK [2][-]{subsection.3.6}{\376\377\000C\000e\000n\000t\000r\000a\000l\000\040\000L\000i\000m\000i\000t\000\040\000T\000h\000e\000o\000r\000e\000m}{section.3}% 20
\BOOKMARK [1][-]{section.4}{\376\377\000W\000e\000e\000k\000\040\0004\000:\000\040\000P\000r\000o\000p\000a\000g\000a\000t\000i\000o\000n\000\040\000o\000f\000\040\000U\000n\000c\000e\000r\000t\000a\000i\000n\000t\000i\000e\000s}{}% 21
\BOOKMARK [2][-]{subsection.4.1}{\376\377\000L\000i\000n\000e\000a\000r\000\040\000T\000r\000a\000n\000s\000f\000o\000r\000m\000a\000t\000i\000o\000n\000s}{section.4}% 22
\BOOKMARK [2][-]{subsection.4.2}{\376\377\000G\000e\000n\000e\000r\000a\000l\000\040\000F\000u\000n\000c\000t\000i\000o\000n\000\040\000z\000=\000f\000\050\000x\000,\000y\000\051}{section.4}% 23
\BOOKMARK [2][-]{subsection.4.3}{\376\377\000C\000o\000v\000a\000r\000i\000a\000n\000c\000e\000\040\000M\000a\000t\000r\000i\000x\000\040\000T\000r\000a\000n\000s\000f\000o\000r\000m\000a\000t\000i\000o\000n}{section.4}% 24
\BOOKMARK [1][-]{section.5}{\376\377\000W\000e\000e\000k\000\040\0005\000:\000\040\000E\000s\000t\000i\000m\000a\000t\000o\000r\000s\000\040\000a\000n\000d\000\040\000L\000i\000k\000e\000l\000i\000h\000o\000o\000d}{}% 25
\BOOKMARK [2][-]{subsection.5.1}{\376\377\000E\000s\000t\000i\000m\000a\000t\000o\000r\000\040\000P\000r\000o\000p\000e\000r\000t\000i\000e\000s}{section.5}% 26
\BOOKMARK [2][-]{subsection.5.2}{\376\377\000L\000i\000k\000e\000l\000i\000h\000o\000o\000d\000\040\000a\000n\000d\000\040\000L\000o\000g\000-\000L\000i\000k\000e\000l\000i\000h\000o\000o\000d}{section.5}% 27
\BOOKMARK [2][-]{subsection.5.3}{\376\377\000M\000a\000x\000i\000m\000u\000m\000\040\000L\000i\000k\000e\000l\000i\000h\000o\000o\000d\000\040\000E\000s\000t\000i\000m\000a\000t\000o\000r\000\040\000\050\000M\000L\000E\000\051}{section.5}% 28
\BOOKMARK [2][-]{subsection.5.4}{\376\377\000F\000i\000s\000h\000e\000r\000\040\000I\000n\000f\000o\000r\000m\000a\000t\000i\000o\000n\000\040\000a\000n\000d\000\040\000C\000r\000a\000m\000\351\000r\000-\000R\000a\000o\000\040\000B\000o\000u\000n\000d}{section.5}% 29
\BOOKMARK [1][-]{section.6}{\376\377\000W\000e\000e\000k\000\040\0006\000:\000\040\000L\000e\000a\000s\000t\000\040\000S\000q\000u\000a\000r\000e\000s\000\040\000a\000n\000d\000\040\000C\000o\000n\000f\000i\000d\000e\000n\000c\000e\000\040\000I\000n\000t\000e\000r\000v\000a\000l\000s}{}% 30
\BOOKMARK [2][-]{subsection.6.1}{\376\377\000L\000i\000n\000e\000a\000r\000\040\000F\000i\000t}{section.6}% 31
\BOOKMARK [2][-]{subsection.6.2}{\376\377\000C\000h\000i\000-\000S\000q\000u\000a\000r\000e\000\040\000M\000i\000n\000i\000m\000i\000z\000a\000t\000i\000o\000n}{section.6}% 32
\BOOKMARK [2][-]{subsection.6.3}{\376\377\000C\000o\000n\000f\000i\000d\000e\000n\000c\000e\000\040\000I\000n\000t\000e\000r\000v\000a\000l\000s}{section.6}% 33
\BOOKMARK [1][-]{section.7}{\376\377\000W\000e\000e\000k\000\040\0007\000:\000\040\000G\000o\000o\000d\000n\000e\000s\000s\000\040\000o\000f\000\040\000F\000i\000t\000\040\000a\000n\000d\000\040\000S\000y\000s\000t\000e\000m\000a\000t\000i\000c\000\040\000E\000r\000r\000o\000r\000s}{}% 34
\BOOKMARK [2][-]{subsection.7.1}{\376\377\000C\000h\000i\000-\000S\000q\000u\000a\000r\000e\000\040\000G\000o\000o\000d\000n\000e\000s\000s\000-\000o\000f\000-\000F\000i\000t}{section.7}% 35
\BOOKMARK [2][-]{subsection.7.2}{\376\377\000S\000y\000s\000t\000e\000m\000a\000t\000i\000c\000\040\000E\000r\000r\000o\000r\000s}{section.7}% 36
\BOOKMARK [1][-]{section.8}{\376\377\000W\000e\000e\000k\000\040\0008\000:\000\040\000H\000y\000p\000o\000t\000h\000e\000s\000i\000s\000\040\000T\000e\000s\000t\000i\000n\000g}{}% 37
\BOOKMARK [2][-]{subsection.8.1}{\376\377\000H\000y\000p\000o\000t\000h\000e\000s\000i\000s\000\040\000T\000e\000s\000t\000i\000n\000g\000\040\000B\000a\000s\000i\000c\000s}{section.8}% 38
\BOOKMARK [2][-]{subsection.8.2}{\376\377\000N\000e\000y\000m\000a\000n\040\023\000P\000e\000a\000r\000s\000o\000n\000\040\000L\000e\000m\000m\000a}{section.8}% 39
\BOOKMARK [1][-]{section.9}{\376\377\000W\000e\000e\000k\000\040\0009\000:\000\040\000B\000a\000y\000e\000s\000i\000a\000n\000\040\000I\000n\000f\000e\000r\000e\000n\000c\000e}{}% 40
\BOOKMARK [2][-]{subsection.9.1}{\376\377\000B\000a\000y\000e\000s\040\031\000\040\000T\000h\000e\000o\000r\000e\000m\000\040\000f\000o\000r\000\040\000P\000a\000r\000a\000m\000e\000t\000e\000r\000s}{section.9}% 41
\BOOKMARK [2][-]{subsection.9.2}{\376\377\000P\000o\000s\000t\000e\000r\000i\000o\000r\000\040\000P\000r\000e\000d\000i\000c\000t\000i\000v\000e}{section.9}% 42
\BOOKMARK [2][-]{subsection.9.3}{\376\377\000B\000a\000y\000e\000s\000i\000a\000n\000\040\000v\000s\000\040\000F\000r\000e\000q\000u\000e\000n\000t\000i\000s\000t}{section.9}% 43
\BOOKMARK [1][-]{section.10}{\376\377\000W\000e\000e\000k\000\040\0001\0000\000:\000\040\000B\000a\000y\000e\000s\000i\000a\000n\000\040\000M\000e\000t\000h\000o\000d\000s\000\040\000i\000n\000\040\000P\000r\000a\000c\000t\000i\000c\000e}{}% 44
\BOOKMARK [2][-]{subsection.10.1}{\376\377\000M\000A\000P\000\040\000E\000s\000t\000i\000m\000a\000t\000o\000r}{section.10}% 45
\BOOKMARK [2][-]{subsection.10.2}{\376\377\000P\000o\000s\000t\000e\000r\000i\000o\000r\000\040\000M\000e\000a\000n\000\040\000E\000s\000t\000i\000m\000a\000t\000o\000r}{section.10}% 46
\BOOKMARK [1][-]{section.11}{\376\377\000W\000e\000e\000k\000\040\0001\0001\000:\000\040\000S\000a\000m\000p\000l\000i\000n\000g\000\040\000a\000n\000d\000\040\000M\000a\000r\000k\000o\000v\000\040\000C\000h\000a\000i\000n\000s}{}% 47
\BOOKMARK [2][-]{subsection.11.1}{\376\377\000M\000e\000t\000r\000o\000p\000o\000l\000i\000s\040\023\000H\000a\000s\000t\000i\000n\000g\000s\000\040\000A\000l\000g\000o\000r\000i\000t\000h\000m}{section.11}% 48
\BOOKMARK [1][-]{section.12}{\376\377\000W\000e\000e\000k\000\040\0001\0002\000:\000\040\000A\000d\000v\000a\000n\000c\000e\000d\000\040\000B\000a\000y\000e\000s\000i\000a\000n\000\040\000A\000p\000p\000l\000i\000c\000a\000t\000i\000o\000n\000s}{}% 49
\BOOKMARK [2][-]{subsection.12.1}{\376\377\000P\000o\000s\000t\000e\000r\000i\000o\000r\000\040\000P\000r\000e\000d\000i\000c\000t\000i\000v\000e\000\040\000C\000h\000e\000c\000k\000s}{section.12}% 50
